C51 COMPILER V7.20   MAIN                                                                  01/01/2003 02:37:30 PAGE 1   


C51 COMPILER V7.20, COMPILATION OF MODULE MAIN
OBJECT MODULE PLACED IN main.OBJ
COMPILER INVOKED BY: C:\Keil\C51\BIN\C51.EXE main.c BROWSE DEBUG OBJECTEXTEND

line level    source

   1          //#include "STC12C5620AD.H"
   2          #include "Board.H"
   3          #include "ZLG7290b.H"
   4          #include "I2c.H"
   5          #include "pcf8563.H"
   6          
   7          void IO_Init();
   8          void T0_Init();//函数声明
   9          void Zlg7290_Test();
  10          void System_Init();
  11          
  12          void main()
  13          {
  14   1          char value;
  15   1          IO_Init();
  16   1              System_Init();
  17   1      //      T0_Init();
  18   1              I2C_Init(0);
  19   1              I2C_Init(1);
  20   1              I2C_Init(2);
  21   1              PCF8563_Init();
  22   1              Zlg7290_Test();
  23   1              ZLG7290_Flash(0x00,0);//0001 1000 //取消闪烁
  24   1              ZLG7290_Flash(0x00,1);//0001 1000 //取消闪烁
  25   1              
  26   1      
  27   1              while(1)
  28   1              {
  29   2                      if(1 == bPCF8563Flag)// 1 minute 
  30   2                      {
  31   3                              Read_PCF8563();
  32   3                              Zlg7290_Test();
  33   3                              I2C_Gets(PCF8563_I2C_ADDR, PCF8563_CONTROL2, 1, &value, 1, 2);
  34   3                              value &= 0xFB;
  35   3                              I2C_Puts(PCF8563_I2C_ADDR, PCF8563_CONTROL2, 1, &value, 1, 2);
  36   3                              bPCF8563Flag = 0;
  37   3                      }
  38   2      
  39   2                      if(1 == bZlg7290Flag)//有按键被按下
  40   2                      {   
  41   3                          bZlg7290Flag = 0;
  42   3                              I2C_Gets(ZLG7290_I2C_ADDR, ZLG7290_Key, 1, &uKeyValue, 1, 0);
  43   3                              switch(uKeyValue)
  44   3                              {
  45   4                                      case 4://按下"设置"键
  46   4                                          uKeyValue = 0;
  47   4                          SetDataTime();                              
  48   4                                              break;
  49   4                                      case 3://按下"修改"键
  50   4                                              break;
  51   4                                      case 2://按下"定闹"键
  52   4                                              break;
  53   4                                      case 1://按下"退出"键
  54   4                                              break;
  55   4                                      default: break;
C51 COMPILER V7.20   MAIN                                                                  01/01/2003 02:37:30 PAGE 2   

  56   4                              }
  57   3                              
  58   3                      }
  59   2              }
  60   1      }
  61          
  62          void IO_Init()
  63          {
  64   1      
  65   1              P0M0 = 0x03;//0000 0011
  66   1              P0M1 = 0x03;//0000 0011
  67   1      
  68   1              P1M0 = 0x80;//1000 0000
  69   1              P1M1 = 0x82;//1000 0010
  70   1              
  71   1              P2M0 = 0x81;//1000 0001
  72   1              P2M1 = 0x81;//1000 0001
  73   1      
  74   1              P3M0 = 0x80;//1000 0000
  75   1              P3M1 = 0x80;//1000 0000
  76   1      }
  77          
  78          void System_Init()
  79          {
  80   1              IT0 = 1;
  81   1              EX0 = 1;
  82   1              IT1 = 1;
  83   1              EX1 = 1;
  84   1              EA = 1;
  85   1      }
  86          
  87          void T0_Init()
  88          {
  89   1          TMOD |= 0x01;
  90   1              TH0 = (int)(65536 - 0.05 * FOSC / 12) / 256;//设置50ms
  91   1              TL0 = (int)(65536 - 0.05 * FOSC / 12) % 256;
  92   1              ET0 = 1;
  93   1      //      EA = 1;
  94   1      }
  95          
  96          
  97          void T0_ISR() interrupt 1
  98          {
  99   1          static uint count = 0;
 100   1              
 101   1              TH0 = (int)(65536 - 0.05 * FOSC / 12) / 256;//设置50ms
 102   1              TL0 = (int)(65536 - 0.05 * FOSC / 12) % 256;
 103   1          count++;
 104   1              if(count >= 10)
 105   1              {
 106   2                  ZHD_LED = ~ZHD_LED;
 107   2                      count = 0;
 108   2              }
 109   1      }
 110          
 111          void INT0_ISR(void) interrupt 0
 112          {
 113   1              bPCF8563Flag = 1;
 114   1      }
 115          
 116          void INT1_ISR(void) interrupt 2
 117          {
C51 COMPILER V7.20   MAIN                                                                  01/01/2003 02:37:30 PAGE 3   

 118   1              bZlg7290Flag = 1;
 119   1      }
 120          


MODULE INFORMATION:   STATIC OVERLAYABLE
   CODE SIZE        =    257    ----
   CONSTANT SIZE    =   ----    ----
   XDATA SIZE       =   ----    ----
   PDATA SIZE       =   ----    ----
   DATA SIZE        =      2       1
   IDATA SIZE       =   ----    ----
   BIT SIZE         =   ----    ----
END OF MODULE INFORMATION.


C51 COMPILATION COMPLETE.  0 WARNING(S),  0 ERROR(S)
